{"/Users/bostjan/Projects/GraphQL/HasuraParser/src/action.ts": {"path":"/Users/bostjan/Projects/GraphQL/HasuraParser/src/action.ts","statementMap":{"0":{"start":{"line":5,"column":0},"end":{"line":5,"column":null}},"1":{"start":{"line":9,"column":2},"end":{"line":9,"column":null}},"2":{"start":{"line":16,"column":1},"end":{"line":18,"column":null}},"3":{"start":{"line":17,"column":2},"end":{"line":17,"column":null}},"4":{"start":{"line":23,"column":4},"end":{"line":25,"column":null}},"5":{"start":{"line":24,"column":2},"end":{"line":24,"column":null}},"6":{"start":{"line":30,"column":4},"end":{"line":32,"column":null}},"7":{"start":{"line":31,"column":8},"end":{"line":31,"column":null}},"8":{"start":{"line":39,"column":4},"end":{"line":61,"column":null}},"9":{"start":{"line":39,"column":13},"end":{"line":39,"column":35}},"10":{"start":{"line":42,"column":26},"end":{"line":42,"column":28}},"11":{"start":{"line":45,"column":8},"end":{"line":49,"column":null}},"12":{"start":{"line":46,"column":12},"end":{"line":46,"column":null}},"13":{"start":{"line":48,"column":12},"end":{"line":48,"column":null}},"14":{"start":{"line":51,"column":8},"end":{"line":58,"column":null}},"15":{"start":{"line":51,"column":22},"end":{"line":51,"column":23}},"16":{"start":{"line":52,"column":24},"end":{"line":52,"column":33}},"17":{"start":{"line":53,"column":12},"end":{"line":57,"column":null}},"18":{"start":{"line":54,"column":16},"end":{"line":54,"column":null}},"19":{"start":{"line":56,"column":16},"end":{"line":56,"column":null}},"20":{"start":{"line":60,"column":8},"end":{"line":60,"column":null}},"21":{"start":{"line":66,"column":4},"end":{"line":71,"column":null}},"22":{"start":{"line":67,"column":8},"end":{"line":69,"column":null}},"23":{"start":{"line":68,"column":12},"end":{"line":68,"column":null}},"24":{"start":{"line":70,"column":8},"end":{"line":70,"column":null}},"25":{"start":{"line":73,"column":0},"end":{"line":73,"column":null}},"26":{"start":{"line":75,"column":0},"end":{"line":75,"column":null}}},"fnMap":{"0":{"name":"(anonymous_0)","decl":{"start":{"line":5,"column":0},"end":{"line":5,"column":null}},"loc":{"start":{"line":5,"column":0},"end":{"line":73,"column":null}}},"1":{"name":"ActionParser","decl":{"start":{"line":8,"column":1},"end":{"line":8,"column":14}},"loc":{"start":{"line":8,"column":35},"end":{"line":10,"column":5}}},"2":{"name":"(anonymous_2)","decl":{"start":{"line":16,"column":1},"end":{"line":16,"column":19}},"loc":{"start":{"line":16,"column":31},"end":{"line":18,"column":2}}},"3":{"name":"(anonymous_3)","decl":{"start":{"line":23,"column":4},"end":{"line":23,"column":23}},"loc":{"start":{"line":23,"column":4},"end":{"line":25,"column":5}}},"4":{"name":"(anonymous_4)","decl":{"start":{"line":30,"column":4},"end":{"line":30,"column":17}},"loc":{"start":{"line":30,"column":4},"end":{"line":32,"column":5}}},"5":{"name":"(anonymous_5)","decl":{"start":{"line":39,"column":4},"end":{"line":39,"column":11}},"loc":{"start":{"line":39,"column":4},"end":{"line":61,"column":5}}},"6":{"name":"(anonymous_6)","decl":{"start":{"line":66,"column":4},"end":{"line":66,"column":14}},"loc":{"start":{"line":66,"column":4},"end":{"line":71,"column":5}}}},"branchMap":{"0":{"loc":{"start":{"line":45,"column":8},"end":{"line":49,"column":null}},"type":"if","locations":[{"start":{"line":45,"column":8},"end":{"line":49,"column":null}},{"start":{"line":45,"column":8},"end":{"line":49,"column":null}}]},"1":{"loc":{"start":{"line":53,"column":12},"end":{"line":57,"column":null}},"type":"if","locations":[{"start":{"line":53,"column":12},"end":{"line":57,"column":null}},{"start":{"line":53,"column":12},"end":{"line":57,"column":null}}]},"2":{"loc":{"start":{"line":67,"column":8},"end":{"line":69,"column":null}},"type":"if","locations":[{"start":{"line":67,"column":8},"end":{"line":69,"column":null}},{"start":{"line":67,"column":8},"end":{"line":69,"column":null}}]}},"s":{"0":1,"1":7,"2":1,"3":2,"4":1,"5":1,"6":1,"7":1,"8":1,"9":10,"10":2,"11":2,"12":1,"13":1,"14":2,"15":2,"16":6,"17":6,"18":4,"19":2,"20":2,"21":1,"22":2,"23":1,"24":1,"25":1,"26":1},"f":{"0":1,"1":7,"2":2,"3":1,"4":1,"5":2,"6":2},"b":{"0":[1,1],"1":[4,2],"2":[1,1]}}
,"/Users/bostjan/Projects/GraphQL/HasuraParser/src/event.ts": {"path":"/Users/bostjan/Projects/GraphQL/HasuraParser/src/event.ts","statementMap":{"0":{"start":{"line":1,"column":0},"end":{"line":1,"column":null}},"1":{"start":{"line":7,"column":0},"end":{"line":7,"column":null}},"2":{"start":{"line":11,"column":2},"end":{"line":11,"column":null}},"3":{"start":{"line":17,"column":1},"end":{"line":19,"column":null}},"4":{"start":{"line":18,"column":2},"end":{"line":18,"column":null}},"5":{"start":{"line":24,"column":1},"end":{"line":26,"column":null}},"6":{"start":{"line":25,"column":2},"end":{"line":25,"column":null}},"7":{"start":{"line":31,"column":1},"end":{"line":33,"column":null}},"8":{"start":{"line":32,"column":2},"end":{"line":32,"column":null}},"9":{"start":{"line":38,"column":1},"end":{"line":40,"column":null}},"10":{"start":{"line":39,"column":2},"end":{"line":39,"column":null}},"11":{"start":{"line":45,"column":1},"end":{"line":47,"column":null}},"12":{"start":{"line":46,"column":2},"end":{"line":46,"column":null}},"13":{"start":{"line":53,"column":1},"end":{"line":55,"column":null}},"14":{"start":{"line":54,"column":2},"end":{"line":54,"column":null}},"15":{"start":{"line":60,"column":1},"end":{"line":62,"column":null}},"16":{"start":{"line":61,"column":2},"end":{"line":61,"column":null}},"17":{"start":{"line":67,"column":1},"end":{"line":69,"column":null}},"18":{"start":{"line":68,"column":2},"end":{"line":68,"column":null}},"19":{"start":{"line":74,"column":1},"end":{"line":76,"column":null}},"20":{"start":{"line":75,"column":2},"end":{"line":75,"column":null}},"21":{"start":{"line":81,"column":1},"end":{"line":83,"column":null}},"22":{"start":{"line":82,"column":2},"end":{"line":82,"column":null}},"23":{"start":{"line":88,"column":1},"end":{"line":90,"column":null}},"24":{"start":{"line":89,"column":2},"end":{"line":89,"column":null}},"25":{"start":{"line":95,"column":1},"end":{"line":97,"column":null}},"26":{"start":{"line":96,"column":2},"end":{"line":96,"column":null}},"27":{"start":{"line":102,"column":1},"end":{"line":104,"column":null}},"28":{"start":{"line":103,"column":2},"end":{"line":103,"column":null}},"29":{"start":{"line":109,"column":1},"end":{"line":111,"column":null}},"30":{"start":{"line":110,"column":2},"end":{"line":110,"column":null}},"31":{"start":{"line":116,"column":1},"end":{"line":118,"column":null}},"32":{"start":{"line":117,"column":2},"end":{"line":117,"column":null}},"33":{"start":{"line":123,"column":1},"end":{"line":125,"column":null}},"34":{"start":{"line":124,"column":2},"end":{"line":124,"column":null}},"35":{"start":{"line":130,"column":1},"end":{"line":132,"column":null}},"36":{"start":{"line":131,"column":2},"end":{"line":131,"column":null}},"37":{"start":{"line":137,"column":1},"end":{"line":139,"column":null}},"38":{"start":{"line":138,"column":2},"end":{"line":138,"column":null}},"39":{"start":{"line":141,"column":9},"end":{"line":146,"column":null}},"40":{"start":{"line":142,"column":2},"end":{"line":144,"column":null}},"41":{"start":{"line":143,"column":3},"end":{"line":143,"column":null}},"42":{"start":{"line":145,"column":2},"end":{"line":145,"column":null}},"43":{"start":{"line":153,"column":4},"end":{"line":160,"column":null}},"44":{"start":{"line":153,"column":13},"end":{"line":153,"column":35}},"45":{"start":{"line":154,"column":2},"end":{"line":159,"column":null}},"46":{"start":{"line":155,"column":3},"end":{"line":155,"column":null}},"47":{"start":{"line":157,"column":16},"end":{"line":157,"column":39}},"48":{"start":{"line":158,"column":3},"end":{"line":158,"column":null}},"49":{"start":{"line":168,"column":9},"end":{"line":185,"column":null}},"50":{"start":{"line":169,"column":20},"end":{"line":172,"column":null}},"51":{"start":{"line":174,"column":2},"end":{"line":183,"column":null}},"52":{"start":{"line":174,"column":15},"end":{"line":174,"column":16}},"53":{"start":{"line":175,"column":15},"end":{"line":175,"column":24}},"54":{"start":{"line":176,"column":3},"end":{"line":182,"column":null}},"55":{"start":{"line":177,"column":4},"end":{"line":177,"column":null}},"56":{"start":{"line":178,"column":4},"end":{"line":178,"column":null}},"57":{"start":{"line":180,"column":4},"end":{"line":180,"column":null}},"58":{"start":{"line":181,"column":4},"end":{"line":181,"column":null}},"59":{"start":{"line":184,"column":2},"end":{"line":184,"column":null}},"60":{"start":{"line":193,"column":9},"end":{"line":207,"column":null}},"61":{"start":{"line":194,"column":20},"end":{"line":194,"column":22}},"62":{"start":{"line":196,"column":8},"end":{"line":203,"column":null}},"63":{"start":{"line":196,"column":21},"end":{"line":196,"column":22}},"64":{"start":{"line":197,"column":24},"end":{"line":197,"column":33}},"65":{"start":{"line":198,"column":12},"end":{"line":202,"column":null}},"66":{"start":{"line":199,"column":16},"end":{"line":199,"column":null}},"67":{"start":{"line":201,"column":16},"end":{"line":201,"column":null}},"68":{"start":{"line":205,"column":2},"end":{"line":205,"column":null}},"69":{"start":{"line":209,"column":0},"end":{"line":209,"column":null}},"70":{"start":{"line":211,"column":0},"end":{"line":211,"column":null}}},"fnMap":{"0":{"name":"(anonymous_0)","decl":{"start":{"line":7,"column":0},"end":{"line":7,"column":null}},"loc":{"start":{"line":7,"column":0},"end":{"line":209,"column":null}}},"1":{"name":"EventParser","decl":{"start":{"line":10,"column":1},"end":{"line":10,"column":14}},"loc":{"start":{"line":10,"column":34},"end":{"line":12,"column":2}}},"2":{"name":"(anonymous_2)","decl":{"start":{"line":17,"column":1},"end":{"line":17,"column":18}},"loc":{"start":{"line":17,"column":1},"end":{"line":19,"column":2}}},"3":{"name":"(anonymous_3)","decl":{"start":{"line":24,"column":1},"end":{"line":24,"column":18}},"loc":{"start":{"line":24,"column":1},"end":{"line":26,"column":2}}},"4":{"name":"(anonymous_4)","decl":{"start":{"line":31,"column":1},"end":{"line":31,"column":18}},"loc":{"start":{"line":31,"column":1},"end":{"line":33,"column":2}}},"5":{"name":"(anonymous_5)","decl":{"start":{"line":38,"column":1},"end":{"line":38,"column":18}},"loc":{"start":{"line":38,"column":1},"end":{"line":40,"column":2}}},"6":{"name":"(anonymous_6)","decl":{"start":{"line":45,"column":1},"end":{"line":45,"column":17}},"loc":{"start":{"line":45,"column":1},"end":{"line":47,"column":2}}},"7":{"name":"(anonymous_7)","decl":{"start":{"line":53,"column":1},"end":{"line":53,"column":19}},"loc":{"start":{"line":53,"column":31},"end":{"line":55,"column":2}}},"8":{"name":"(anonymous_8)","decl":{"start":{"line":60,"column":1},"end":{"line":60,"column":20}},"loc":{"start":{"line":60,"column":1},"end":{"line":62,"column":2}}},"9":{"name":"(anonymous_9)","decl":{"start":{"line":67,"column":1},"end":{"line":67,"column":6}},"loc":{"start":{"line":67,"column":1},"end":{"line":69,"column":2}}},"10":{"name":"(anonymous_10)","decl":{"start":{"line":74,"column":1},"end":{"line":74,"column":15}},"loc":{"start":{"line":74,"column":1},"end":{"line":76,"column":2}}},"11":{"name":"(anonymous_11)","decl":{"start":{"line":81,"column":1},"end":{"line":81,"column":14}},"loc":{"start":{"line":81,"column":1},"end":{"line":83,"column":2}}},"12":{"name":"(anonymous_12)","decl":{"start":{"line":88,"column":1},"end":{"line":88,"column":13}},"loc":{"start":{"line":88,"column":1},"end":{"line":90,"column":2}}},"13":{"name":"(anonymous_13)","decl":{"start":{"line":95,"column":1},"end":{"line":95,"column":16}},"loc":{"start":{"line":95,"column":1},"end":{"line":97,"column":2}}},"14":{"name":"(anonymous_14)","decl":{"start":{"line":102,"column":1},"end":{"line":102,"column":14}},"loc":{"start":{"line":102,"column":1},"end":{"line":104,"column":2}}},"15":{"name":"(anonymous_15)","decl":{"start":{"line":109,"column":1},"end":{"line":109,"column":11}},"loc":{"start":{"line":109,"column":1},"end":{"line":111,"column":2}}},"16":{"name":"(anonymous_16)","decl":{"start":{"line":116,"column":1},"end":{"line":116,"column":11}},"loc":{"start":{"line":116,"column":1},"end":{"line":118,"column":2}}},"17":{"name":"(anonymous_17)","decl":{"start":{"line":123,"column":1},"end":{"line":123,"column":13}},"loc":{"start":{"line":123,"column":1},"end":{"line":125,"column":2}}},"18":{"name":"(anonymous_18)","decl":{"start":{"line":130,"column":1},"end":{"line":130,"column":18}},"loc":{"start":{"line":130,"column":1},"end":{"line":132,"column":2}}},"19":{"name":"(anonymous_19)","decl":{"start":{"line":137,"column":1},"end":{"line":137,"column":22}},"loc":{"start":{"line":137,"column":1},"end":{"line":139,"column":2}}},"20":{"name":"(anonymous_20)","decl":{"start":{"line":141,"column":1},"end":{"line":141,"column":9}},"loc":{"start":{"line":141,"column":1},"end":{"line":146,"column":2}}},"21":{"name":"(anonymous_21)","decl":{"start":{"line":153,"column":4},"end":{"line":153,"column":11}},"loc":{"start":{"line":153,"column":4},"end":{"line":160,"column":2}}},"22":{"name":"(anonymous_22)","decl":{"start":{"line":168,"column":1},"end":{"line":168,"column":9}},"loc":{"start":{"line":168,"column":38},"end":{"line":185,"column":2}}},"23":{"name":"(anonymous_23)","decl":{"start":{"line":193,"column":1},"end":{"line":193,"column":9}},"loc":{"start":{"line":193,"column":62},"end":{"line":207,"column":2}}}},"branchMap":{"0":{"loc":{"start":{"line":96,"column":35},"end":{"line":96,"column":37}},"type":"cond-expr","locations":[{"start":{"line":96,"column":35},"end":{"line":96,"column":37}},{"start":{"line":96,"column":35},"end":{"line":96,"column":50}}]},"1":{"loc":{"start":{"line":96,"column":2},"end":{"line":96,"column":37}},"type":"binary-expr","locations":[{"start":{"line":96,"column":2},"end":{"line":96,"column":37}},{"start":{"line":96,"column":35},"end":{"line":96,"column":37}}]},"2":{"loc":{"start":{"line":103,"column":35},"end":{"line":103,"column":37}},"type":"cond-expr","locations":[{"start":{"line":103,"column":35},"end":{"line":103,"column":37}},{"start":{"line":103,"column":35},"end":{"line":103,"column":48}}]},"3":{"loc":{"start":{"line":103,"column":2},"end":{"line":103,"column":37}},"type":"binary-expr","locations":[{"start":{"line":103,"column":2},"end":{"line":103,"column":37}},{"start":{"line":103,"column":35},"end":{"line":103,"column":37}}]},"4":{"loc":{"start":{"line":142,"column":2},"end":{"line":144,"column":null}},"type":"if","locations":[{"start":{"line":142,"column":2},"end":{"line":144,"column":null}},{"start":{"line":142,"column":2},"end":{"line":144,"column":null}}]},"5":{"loc":{"start":{"line":142,"column":7},"end":{"line":142,"column":31}},"type":"binary-expr","locations":[{"start":{"line":142,"column":7},"end":{"line":142,"column":31}},{"start":{"line":142,"column":35},"end":{"line":142,"column":59}}]},"6":{"loc":{"start":{"line":154,"column":2},"end":{"line":159,"column":null}},"type":"if","locations":[{"start":{"line":154,"column":2},"end":{"line":159,"column":null}},{"start":{"line":154,"column":2},"end":{"line":159,"column":null}}]},"7":{"loc":{"start":{"line":176,"column":3},"end":{"line":182,"column":null}},"type":"if","locations":[{"start":{"line":176,"column":3},"end":{"line":182,"column":null}},{"start":{"line":176,"column":3},"end":{"line":182,"column":null}}]},"8":{"loc":{"start":{"line":176,"column":8},"end":{"line":176,"column":42}},"type":"binary-expr","locations":[{"start":{"line":176,"column":8},"end":{"line":176,"column":42}},{"start":{"line":176,"column":46},"end":{"line":176,"column":80}}]},"9":{"loc":{"start":{"line":198,"column":12},"end":{"line":202,"column":null}},"type":"if","locations":[{"start":{"line":198,"column":12},"end":{"line":202,"column":null}},{"start":{"line":198,"column":12},"end":{"line":202,"column":null}}]}},"s":{"0":1,"1":1,"2":22,"3":1,"4":4,"5":1,"6":5,"7":1,"8":1,"9":1,"10":3,"11":1,"12":14,"13":1,"14":3,"15":1,"16":1,"17":1,"18":1,"19":1,"20":1,"21":1,"22":1,"23":1,"24":1,"25":1,"26":2,"27":1,"28":2,"29":1,"30":1,"31":1,"32":1,"33":1,"34":1,"35":1,"36":1,"37":1,"38":1,"39":1,"40":4,"41":3,"42":1,"43":1,"44":22,"45":5,"46":1,"47":4,"48":4,"49":1,"50":1,"51":1,"52":1,"53":2,"54":2,"55":1,"56":1,"57":1,"58":1,"59":1,"60":1,"61":4,"62":4,"63":4,"64":10,"65":10,"66":6,"67":4,"68":4,"69":1,"70":1},"f":{"0":1,"1":22,"2":4,"3":5,"4":1,"5":3,"6":14,"7":3,"8":1,"9":1,"10":1,"11":1,"12":1,"13":2,"14":2,"15":1,"16":1,"17":1,"18":1,"19":1,"20":4,"21":5,"22":1,"23":4},"b":{"0":[1,1],"1":[2,2],"2":[1,1],"3":[2,2],"4":[3,1],"5":[4,2],"6":[1,4],"7":[1,1],"8":[2,1],"9":[6,4]}}
,"/Users/bostjan/Projects/GraphQL/HasuraParser/src/types.ts": {"path":"/Users/bostjan/Projects/GraphQL/HasuraParser/src/types.ts","statementMap":{"0":{"start":{"line":58,"column":0},"end":{"line":58,"column":null}},"1":{"start":{"line":59,"column":1},"end":{"line":59,"column":null}},"2":{"start":{"line":60,"column":1},"end":{"line":60,"column":null}},"3":{"start":{"line":61,"column":1},"end":{"line":61,"column":null}},"4":{"start":{"line":62,"column":1},"end":{"line":62,"column":null}},"5":{"start":{"line":84,"column":1},"end":{"line":84,"column":25}},"6":{"start":{"line":65,"column":0},"end":{"line":65,"column":null}},"7":{"start":{"line":66,"column":1},"end":{"line":66,"column":null}},"8":{"start":{"line":67,"column":1},"end":{"line":67,"column":null}},"9":{"start":{"line":78,"column":1},"end":{"line":78,"column":19}},"10":{"start":{"line":70,"column":0},"end":{"line":70,"column":null}},"11":{"start":{"line":71,"column":1},"end":{"line":71,"column":null}},"12":{"start":{"line":72,"column":1},"end":{"line":72,"column":null}},"13":{"start":{"line":76,"column":1},"end":{"line":76,"column":15}}},"fnMap":{"0":{"name":"(anonymous_0)","decl":{"start":{"line":58,"column":0},"end":{"line":58,"column":5}},"loc":{"start":{"line":58,"column":29},"end":{"line":63,"column":1}}},"1":{"name":"(anonymous_1)","decl":{"start":{"line":65,"column":0},"end":{"line":65,"column":5}},"loc":{"start":{"line":65,"column":23},"end":{"line":68,"column":1}}},"2":{"name":"(anonymous_2)","decl":{"start":{"line":70,"column":0},"end":{"line":70,"column":5}},"loc":{"start":{"line":70,"column":19},"end":{"line":73,"column":1}}}},"branchMap":{"0":{"loc":{"start":{"line":58,"column":5},"end":{"line":58,"column":29}},"type":"binary-expr","locations":[{"start":{"line":58,"column":5},"end":{"line":58,"column":29}},{"start":{"line":58,"column":5},"end":{"line":58,"column":null}}]},"1":{"loc":{"start":{"line":65,"column":5},"end":{"line":65,"column":23}},"type":"binary-expr","locations":[{"start":{"line":65,"column":5},"end":{"line":65,"column":23}},{"start":{"line":65,"column":5},"end":{"line":65,"column":null}}]},"2":{"loc":{"start":{"line":70,"column":5},"end":{"line":70,"column":19}},"type":"binary-expr","locations":[{"start":{"line":70,"column":5},"end":{"line":70,"column":19}},{"start":{"line":70,"column":5},"end":{"line":70,"column":null}}]}},"s":{"0":1,"1":1,"2":1,"3":1,"4":1,"5":1,"6":1,"7":1,"8":1,"9":1,"10":1,"11":1,"12":1,"13":1},"f":{"0":1,"1":1,"2":1},"b":{"0":[1,1],"1":[1,1],"2":[1,1]}}
}
