TN:
SF:src/action.ts
FN:5,(anonymous_0)
FN:8,ActionParser
FN:16,(anonymous_2)
FN:23,(anonymous_3)
FN:30,(anonymous_4)
FN:39,(anonymous_5)
FN:66,(anonymous_6)
FNF:7
FNH:7
FNDA:1,(anonymous_0)
FNDA:7,ActionParser
FNDA:2,(anonymous_2)
FNDA:1,(anonymous_3)
FNDA:1,(anonymous_4)
FNDA:2,(anonymous_5)
FNDA:2,(anonymous_6)
DA:5,1
DA:9,7
DA:16,1
DA:17,2
DA:23,1
DA:24,1
DA:30,1
DA:31,1
DA:39,10
DA:42,2
DA:45,2
DA:46,1
DA:48,1
DA:51,2
DA:52,6
DA:53,6
DA:54,4
DA:56,2
DA:60,2
DA:66,1
DA:67,2
DA:68,1
DA:70,1
DA:73,1
DA:75,1
LF:25
LH:25
BRDA:45,0,0,1
BRDA:45,0,1,1
BRDA:53,1,0,4
BRDA:53,1,1,2
BRDA:67,2,0,1
BRDA:67,2,1,1
BRF:6
BRH:6
end_of_record
TN:
SF:src/event.ts
FN:7,(anonymous_0)
FN:10,EventParser
FN:17,(anonymous_2)
FN:24,(anonymous_3)
FN:31,(anonymous_4)
FN:38,(anonymous_5)
FN:45,(anonymous_6)
FN:53,(anonymous_7)
FN:60,(anonymous_8)
FN:67,(anonymous_9)
FN:74,(anonymous_10)
FN:81,(anonymous_11)
FN:88,(anonymous_12)
FN:95,(anonymous_13)
FN:102,(anonymous_14)
FN:109,(anonymous_15)
FN:116,(anonymous_16)
FN:123,(anonymous_17)
FN:130,(anonymous_18)
FN:137,(anonymous_19)
FN:141,(anonymous_20)
FN:153,(anonymous_21)
FN:168,(anonymous_22)
FN:193,(anonymous_23)
FNF:24
FNH:24
FNDA:1,(anonymous_0)
FNDA:22,EventParser
FNDA:4,(anonymous_2)
FNDA:5,(anonymous_3)
FNDA:1,(anonymous_4)
FNDA:3,(anonymous_5)
FNDA:14,(anonymous_6)
FNDA:3,(anonymous_7)
FNDA:1,(anonymous_8)
FNDA:1,(anonymous_9)
FNDA:1,(anonymous_10)
FNDA:1,(anonymous_11)
FNDA:1,(anonymous_12)
FNDA:2,(anonymous_13)
FNDA:2,(anonymous_14)
FNDA:1,(anonymous_15)
FNDA:1,(anonymous_16)
FNDA:1,(anonymous_17)
FNDA:1,(anonymous_18)
FNDA:1,(anonymous_19)
FNDA:4,(anonymous_20)
FNDA:5,(anonymous_21)
FNDA:1,(anonymous_22)
FNDA:4,(anonymous_23)
DA:1,1
DA:7,1
DA:11,22
DA:17,1
DA:18,4
DA:24,1
DA:25,5
DA:31,1
DA:32,1
DA:38,1
DA:39,3
DA:45,1
DA:46,14
DA:53,1
DA:54,3
DA:60,1
DA:61,1
DA:67,1
DA:68,1
DA:74,1
DA:75,1
DA:81,1
DA:82,1
DA:88,1
DA:89,1
DA:95,1
DA:96,2
DA:102,1
DA:103,2
DA:109,1
DA:110,1
DA:116,1
DA:117,1
DA:123,1
DA:124,1
DA:130,1
DA:131,1
DA:137,1
DA:138,1
DA:141,1
DA:142,4
DA:143,3
DA:145,1
DA:153,22
DA:154,5
DA:155,1
DA:157,4
DA:158,4
DA:168,1
DA:169,1
DA:174,1
DA:175,2
DA:176,2
DA:177,1
DA:178,1
DA:180,1
DA:181,1
DA:184,1
DA:193,1
DA:194,4
DA:196,4
DA:197,10
DA:198,10
DA:199,6
DA:201,4
DA:205,4
DA:209,1
DA:211,1
LF:68
LH:68
BRDA:96,0,0,1
BRDA:96,0,1,1
BRDA:96,1,0,2
BRDA:96,1,1,2
BRDA:103,2,0,1
BRDA:103,2,1,1
BRDA:103,3,0,2
BRDA:103,3,1,2
BRDA:142,4,0,3
BRDA:142,4,1,1
BRDA:142,5,0,4
BRDA:142,5,1,2
BRDA:154,6,0,1
BRDA:154,6,1,4
BRDA:176,7,0,1
BRDA:176,7,1,1
BRDA:176,8,0,2
BRDA:176,8,1,1
BRDA:198,9,0,6
BRDA:198,9,1,4
BRF:20
BRH:20
end_of_record
TN:
SF:src/types.ts
FN:58,(anonymous_0)
FN:65,(anonymous_1)
FN:70,(anonymous_2)
FNF:3
FNH:3
FNDA:1,(anonymous_0)
FNDA:1,(anonymous_1)
FNDA:1,(anonymous_2)
DA:58,1
DA:59,1
DA:60,1
DA:61,1
DA:62,1
DA:65,1
DA:66,1
DA:67,1
DA:70,1
DA:71,1
DA:72,1
DA:76,1
DA:78,1
DA:84,1
LF:14
LH:14
BRDA:58,0,0,1
BRDA:58,0,1,1
BRDA:65,1,0,1
BRDA:65,1,1,1
BRDA:70,2,0,1
BRDA:70,2,1,1
BRF:6
BRH:6
end_of_record
